# JRE version: OpenJDK Runtime Environment (8.0_112-b06) (build 1.8.0_112-release-b06)
# Java VM: OpenJDK 64-Bit Server VM (25.112-b06 mixed mode windows-amd64 compressed oops)
Heap:
 PSYoungGen      total 152576K, used 135124K [0x000000076ab00000, 0x0000000779780000, 0x00000007c0000000)
  eden space 110592K, 89% used [0x000000076ab00000,0x0000000770ba6cf0,0x0000000771700000)
  from space 41984K, 86% used [0x0000000774400000,0x000000077674e6d8,0x0000000776d00000)
  to   space 46080K, 0% used [0x0000000771700000,0x0000000771700000,0x0000000774400000)
 ParOldGen       total 152576K, used 91902K [0x00000006c0000000, 0x00000006c9500000, 0x000000076ab00000)
  object space 152576K, 60% used [0x00000006c0000000,0x00000006c59bfaf8,0x00000006c9500000)
 Metaspace       used 6009K, capacity 7088K, committed 7296K, reserved 1056768K
  class space    used 562K, capacity 616K, committed 640K, reserved 1048576K
GC Heap History (10 events):
Event: 2.648 GC heap before
{Heap before GC invocations=3 (full 0):
 PSYoungGen      total 70656K, used 70632K [0x000000076ab00000, 0x000000076f500000, 0x00000007c0000000)
  eden space 65536K, 100% used [0x000000076ab00000,0x000000076eb00000,0x000000076eb00000)
  from space 5120K, 99% used [0x000000076f000000,0x000000076f4fa260,0x000000076f500000)
  to   space 5120K, 0% used [0x000000076eb00000,0x000000076eb00000,0x000000076f000000)
 ParOldGen       total 86016K, used 20716K [0x00000006c0000000, 0x00000006c5400000, 0x000000076ab00000)
  object space 86016K, 24% used [0x00000006c0000000,0x00000006c143b118,0x00000006c5400000)
 Metaspace       used 5793K, capacity 6960K, committed 7040K, reserved 1056768K
  class space    used 562K, capacity 616K, committed 640K, reserved 1048576K
Event: 2.816 GC heap after
Heap after GC invocations=3 (full 0):
 PSYoungGen      total 70656K, used 5112K [0x000000076ab00000, 0x0000000773500000, 0x00000007c0000000)
  eden space 65536K, 0% used [0x000000076ab00000,0x000000076ab00000,0x000000076eb00000)
  from space 5120K, 99% used [0x000000076eb00000,0x000000076effe270,0x000000076f000000)
  to   space 5120K, 0% used [0x0000000773000000,0x0000000773000000,0x0000000773500000)
 ParOldGen       total 86016K, used 55589K [0x00000006c0000000, 0x00000006c5400000, 0x000000076ab00000)
  object space 86016K, 64% used [0x00000006c0000000,0x00000006c36494e0,0x00000006c5400000)
 Metaspace       used 5793K, capacity 6960K, committed 7040K, reserved 1056768K
  class space    used 562K, capacity 616K, committed 640K, reserved 1048576K
}
Event: 2.816 GC heap before
{Heap before GC invocations=4 (full 1):
 PSYoungGen      total 70656K, used 5112K [0x000000076ab00000, 0x0000000773500000, 0x00000007c0000000)
  eden space 65536K, 0% used [0x000000076ab00000,0x000000076ab00000,0x000000076eb00000)
  from space 5120K, 99% used [0x000000076eb00000,0x000000076effe270,0x000000076f000000)
  to   space 5120K, 0% used [0x0000000773000000,0x0000000773000000,0x0000000773500000)
 ParOldGen       total 86016K, used 55589K [0x00000006c0000000, 0x00000006c5400000, 0x000000076ab00000)
  object space 86016K, 64% used [0x00000006c0000000,0x00000006c36494e0,0x00000006c5400000)
 Metaspace       used 5793K, capacity 6960K, committed 7040K, reserved 1056768K
  class space    used 562K, capacity 616K, committed 640K, reserved 1048576K
Event: 4.695 GC heap after
Heap after GC invocations=4 (full 1):
 PSYoungGen      total 70656K, used 0K [0x000000076ab00000, 0x0000000773500000, 0x00000007c0000000)
  eden space 65536K, 0% used [0x000000076ab00000,0x000000076ab00000,0x000000076eb00000)
  from space 5120K, 0% used [0x000000076eb00000,0x000000076eb00000,0x000000076f000000)
  to   space 5120K, 0% used [0x0000000773000000,0x0000000773000000,0x0000000773500000)
 ParOldGen       total 152576K, used 55794K [0x00000006c0000000, 0x00000006c9500000, 0x000000076ab00000)
  object space 152576K, 36% used [0x00000006c0000000,0x00000006c367c958,0x00000006c9500000)
 Metaspace       used 5793K, capacity 6960K, committed 7040K, reserved 1056768K
  class space    used 562K, capacity 616K, committed 640K, reserved 1048576K
}
Event: 5.347 GC heap before
{Heap before GC invocations=5 (full 1):
 PSYoungGen      total 70656K, used 65536K [0x000000076ab00000, 0x0000000773500000, 0x00000007c0000000)
  eden space 65536K, 100% used [0x000000076ab00000,0x000000076eb00000,0x000000076eb00000)
  from space 5120K, 0% used [0x000000076eb00000,0x000000076eb00000,0x000000076f000000)
  to   space 5120K, 0% used [0x0000000773000000,0x0000000773000000,0x0000000773500000)
 ParOldGen       total 152576K, used 55794K [0x00000006c0000000, 0x00000006c9500000, 0x000000076ab00000)
  object space 152576K, 36% used [0x00000006c0000000,0x00000006c367c958,0x00000006c9500000)
 Metaspace       used 5850K, capacity 6960K, committed 7040K, reserved 1056768K
  class space    used 562K, capacity 616K, committed 640K, reserved 1048576K
Event: 5.798 GC heap after
Heap after GC invocations=5 (full 1):
 PSYoungGen      total 89600K, used 5107K [0x000000076ab00000, 0x0000000773500000, 0x00000007c0000000)
  eden space 84480K, 0% used [0x000000076ab00000,0x000000076ab00000,0x000000076fd80000)
  from space 5120K, 99% used [0x0000000773000000,0x00000007734fcd30,0x0000000773500000)
  to   space 5120K, 0% used [0x0000000772b00000,0x0000000772b00000,0x0000000773000000)
 ParOldGen       total 152576K, used 69007K [0x00000006c0000000, 0x00000006c9500000, 0x000000076ab00000)
  object space 152576K, 45% used [0x00000006c0000000,0x00000006c4363e90,0x00000006c9500000)
 Metaspace       used 5850K, capacity 6960K, committed 7040K, reserved 1056768K
  class space    used 562K, capacity 616K, committed 640K, reserved 1048576K
}
Event: 6.399 GC heap before
{Heap before GC invocations=6 (full 1):
 PSYoungGen      total 89600K, used 89587K [0x000000076ab00000, 0x0000000773500000, 0x00000007c0000000)
  eden space 84480K, 100% used [0x000000076ab00000,0x000000076fd80000,0x000000076fd80000)
  from space 5120K, 99% used [0x0000000773000000,0x00000007734fcd30,0x0000000773500000)
  to   space 5120K, 0% used [0x0000000772b00000,0x0000000772b00000,0x0000000773000000)
 ParOldGen       total 152576K, used 69007K [0x00000006c0000000, 0x00000006c9500000, 0x000000076ab00000)
  object space 152576K, 45% used [0x00000006c0000000,0x00000006c4363e90,0x00000006c9500000)
 Metaspace       used 5896K, capacity 7024K, committed 7296K, reserved 1056768K
  class space    used 562K, capacity 616K, committed 640K, reserved 1048576K
Event: 6.796 GC heap after
Heap after GC invocations=6 (full 1):
 PSYoungGen      total 119808K, used 5110K [0x000000076ab00000, 0x0000000776d00000, 0x00000007c0000000)
  eden space 114688K, 0% used [0x000000076ab00000,0x000000076ab00000,0x0000000771b00000)
  from space 5120K, 99% used [0x0000000772b00000,0x0000000772ffd9f0,0x0000000773000000)
  to   space 41984K, 0% used [0x0000000774400000,0x0000000774400000,0x0000000776d00000)
 ParOldGen       total 152576K, used 91894K [0x00000006c0000000, 0x00000006c9500000, 0x000000076ab00000)
  object space 152576K, 60% used [0x00000006c0000000,0x00000006c59bdaf8,0x00000006c9500000)
 Metaspace       used 5896K, capacity 7024K, committed 7296K, reserved 1056768K
  class space    used 562K, capacity 616K, committed 640K, reserved 1048576K
}
Event: 7.364 GC heap before
{Heap before GC invocations=7 (full 1):
 PSYoungGen      total 119808K, used 119798K [0x000000076ab00000, 0x0000000776d00000, 0x00000007c0000000)
  eden space 114688K, 100% used [0x000000076ab00000,0x0000000771b00000,0x0000000771b00000)
  from space 5120K, 99% used [0x0000000772b00000,0x0000000772ffd9f0,0x0000000773000000)
  to   space 41984K, 0% used [0x0000000774400000,0x0000000774400000,0x0000000776d00000)
 ParOldGen       total 152576K, used 91894K [0x00000006c0000000, 0x00000006c9500000, 0x000000076ab00000)
  object space 152576K, 60% used [0x00000006c0000000,0x00000006c59bdaf8,0x00000006c9500000)
 Metaspace       used 5977K, capacity 7088K, committed 7296K, reserved 1056768K
  class space    used 562K, capacity 616K, committed 640K, reserved 1048576K
Event: 7.392 GC heap after
Heap after GC invocations=7 (full 1):
 PSYoungGen      total 152576K, used 36153K [0x000000076ab00000, 0x0000000779780000, 0x00000007c0000000)
  eden space 110592K, 0% used [0x000000076ab00000,0x000000076ab00000,0x0000000771700000)
  from space 41984K, 86% used [0x0000000774400000,0x000000077674e6d8,0x0000000776d00000)
  to   space 46080K, 0% used [0x0000000771700000,0x0000000771700000,0x0000000774400000)
 ParOldGen       total 152576K, used 91902K [0x00000006c0000000, 0x00000006c9500000, 0x000000076ab00000)
  object space 152576K, 60% used [0x00000006c0000000,0x00000006c59bfaf8,0x00000006c9500000)
 Metaspace       used 5977K, capacity 7088K, committed 7296K, reserved 1056768K
  class space    used 562K, capacity 616K, committed 640K, reserved 1048576K
}

