# JRE version: OpenJDK Runtime Environment (8.0_76-b03) (build 1.8.0_76-release-b03)
# Java VM: OpenJDK 64-Bit Server VM (25.76-b03 mixed mode windows-amd64 compressed oops)
Heap:
 PSYoungGen      total 883712K, used 586537K [0x000000076ab00000, 0x00000007b6300000, 0x00000007c0000000)
  eden space 604160K, 97% used [0x000000076ab00000,0x000000078e7ca560,0x000000078f900000)
  from space 279552K, 0% used [0x000000078f900000,0x000000078f900000,0x00000007a0a00000)
  to   space 219648K, 0% used [0x00000007a0a00000,0x00000007a0a00000,0x00000007ae080000)
 ParOldGen       total 571904K, used 571896K [0x00000006c0000000, 0x00000006e2e80000, 0x000000076ab00000)
  object space 571904K, 99% used [0x00000006c0000000,0x00000006e2e7e290,0x00000006e2e80000)
 Metaspace       used 7440K, capacity 7800K, committed 7936K, reserved 1056768K
  class space    used 654K, capacity 688K, committed 768K, reserved 1048576K
GC Heap History (10 events):
Event: 8.006 GC heap before
{Heap before GC invocations=18 (full 3):
 PSYoungGen      total 735744K, used 666734K [0x000000076ab00000, 0x00000007a5c80000, 0x00000007c0000000)
  eden space 563712K, 100% used [0x000000076ab00000,0x000000078d180000,0x000000078d180000)
  from space 172032K, 59% used [0x0000000798a80000,0x000000079ef1bb80,0x00000007a3280000)
  to   space 189440K, 0% used [0x000000078d180000,0x000000078d180000,0x0000000798a80000)
 ParOldGen       total 571904K, used 360253K [0x00000006c0000000, 0x00000006e2e80000, 0x000000076ab00000)
  object space 571904K, 62% used [0x00000006c0000000,0x00000006d5fcf630,0x00000006e2e80000)
 Metaspace       used 6680K, capacity 7284K, committed 7552K, reserved 1056768K
  class space    used 603K, capacity 620K, committed 640K, reserved 1048576K
Event: 8.120 GC heap after
Heap after GC invocations=18 (full 3):
 PSYoungGen      total 753152K, used 182290K [0x000000076ab00000, 0x00000007ae080000, 0x00000007c0000000)
  eden space 563712K, 0% used [0x000000076ab00000,0x000000076ab00000,0x000000078d180000)
  from space 189440K, 96% used [0x000000078d180000,0x00000007983849a8,0x0000000798a80000)
  to   space 219648K, 0% used [0x00000007a0a00000,0x00000007a0a00000,0x00000007ae080000)
 ParOldGen       total 571904K, used 360253K [0x00000006c0000000, 0x00000006e2e80000, 0x000000076ab00000)
  object space 571904K, 62% used [0x00000006c0000000,0x00000006d5fcf630,0x00000006e2e80000)
 Metaspace       used 6680K, capacity 7284K, committed 7552K, reserved 1056768K
  class space    used 603K, capacity 620K, committed 640K, reserved 1048576K
}
Event: 8.731 GC heap before
{Heap before GC invocations=19 (full 3):
 PSYoungGen      total 753152K, used 746002K [0x000000076ab00000, 0x00000007ae080000, 0x00000007c0000000)
  eden space 563712K, 100% used [0x000000076ab00000,0x000000078d180000,0x000000078d180000)
  from space 189440K, 96% used [0x000000078d180000,0x00000007983849a8,0x0000000798a80000)
  to   space 219648K, 0% used [0x00000007a0a00000,0x00000007a0a00000,0x00000007ae080000)
 ParOldGen       total 571904K, used 360253K [0x00000006c0000000, 0x00000006e2e80000, 0x000000076ab00000)
  object space 571904K, 62% used [0x00000006c0000000,0x00000006d5fcf630,0x00000006e2e80000)
 Metaspace       used 6684K, capacity 7284K, committed 7552K, reserved 1056768K
  class space    used 603K, capacity 620K, committed 640K, reserved 1048576K
Event: 8.878 GC heap after
Heap after GC invocations=19 (full 3):
 PSYoungGen      total 823808K, used 219616K [0x000000076ab00000, 0x00000007b6300000, 0x00000007c0000000)
  eden space 604160K, 0% used [0x000000076ab00000,0x000000076ab00000,0x000000078f900000)
  from space 219648K, 99% used [0x00000007a0a00000,0x00000007ae078300,0x00000007ae080000)
  to   space 279552K, 0% used [0x000000078f900000,0x000000078f900000,0x00000007a0a00000)
 ParOldGen       total 571904K, used 421224K [0x00000006c0000000, 0x00000006e2e80000, 0x000000076ab00000)
  object space 571904K, 73% used [0x00000006c0000000,0x00000006d9b5a368,0x00000006e2e80000)
 Metaspace       used 6684K, capacity 7284K, committed 7552K, reserved 1056768K
  class space    used 603K, capacity 620K, committed 640K, reserved 1048576K
}
Event: 9.489 GC heap before
{Heap before GC invocations=20 (full 3):
 PSYoungGen      total 823808K, used 823776K [0x000000076ab00000, 0x00000007b6300000, 0x00000007c0000000)
  eden space 604160K, 100% used [0x000000076ab00000,0x000000078f900000,0x000000078f900000)
  from space 219648K, 99% used [0x00000007a0a00000,0x00000007ae078300,0x00000007ae080000)
  to   space 279552K, 0% used [0x000000078f900000,0x000000078f900000,0x00000007a0a00000)
 ParOldGen       total 571904K, used 421224K [0x00000006c0000000, 0x00000006e2e80000, 0x000000076ab00000)
  object space 571904K, 73% used [0x00000006c0000000,0x00000006d9b5a368,0x00000006e2e80000)
 Metaspace       used 6684K, capacity 7284K, committed 7552K, reserved 1056768K
  class space    used 603K, capacity 620K, committed 640K, reserved 1048576K
Event: 9.632 GC heap after
Heap after GC invocations=20 (full 3):
 PSYoungGen      total 883712K, used 224479K [0x000000076ab00000, 0x00000007b6300000, 0x00000007c0000000)
  eden space 604160K, 0% used [0x000000076ab00000,0x000000076ab00000,0x000000078f900000)
  from space 279552K, 80% used [0x000000078f900000,0x000000079d437f58,0x00000007a0a00000)
  to   space 219648K, 0% used [0x00000007a0a00000,0x00000007a0a00000,0x00000007ae080000)
 ParOldGen       total 571904K, used 508950K [0x00000006c0000000, 0x00000006e2e80000, 0x000000076ab00000)
  object space 571904K, 88% used [0x00000006c0000000,0x00000006df105800,0x00000006e2e80000)
 Metaspace       used 6684K, capacity 7284K, committed 7552K, reserved 1056768K
  class space    used 603K, capacity 620K, committed 640K, reserved 1048576K
}
Event: 9.632 GC heap before
{Heap before GC invocations=21 (full 4):
 PSYoungGen      total 883712K, used 224479K [0x000000076ab00000, 0x00000007b6300000, 0x00000007c0000000)
  eden space 604160K, 0% used [0x000000076ab00000,0x000000076ab00000,0x000000078f900000)
  from space 279552K, 80% used [0x000000078f900000,0x000000079d437f58,0x00000007a0a00000)
  to   space 219648K, 0% used [0x00000007a0a00000,0x00000007a0a00000,0x00000007ae080000)
 ParOldGen       total 571904K, used 508950K [0x00000006c0000000, 0x00000006e2e80000, 0x000000076ab00000)
  object space 571904K, 88% used [0x00000006c0000000,0x00000006df105800,0x00000006e2e80000)
 Metaspace       used 6684K, capacity 7284K, committed 7552K, reserved 1056768K
  class space    used 603K, capacity 620K, committed 640K, reserved 1048576K
Event: 11.476 GC heap after
Heap after GC invocations=21 (full 4):
 PSYoungGen      total 883712K, used 151855K [0x000000076ab00000, 0x00000007b6300000, 0x00000007c0000000)
  eden space 604160K, 0% used [0x000000076ab00000,0x000000076ab00000,0x000000078f900000)
  from space 279552K, 54% used [0x000000078f900000,0x0000000798d4bc60,0x00000007a0a00000)
  to   space 219648K, 0% used [0x00000007a0a00000,0x00000007a0a00000,0x00000007ae080000)
 ParOldGen       total 571904K, used 571665K [0x00000006c0000000, 0x00000006e2e80000, 0x000000076ab00000)
  object space 571904K, 99% used [0x00000006c0000000,0x00000006e2e44730,0x00000006e2e80000)
 Metaspace       used 6684K, capacity 7284K, committed 7552K, reserved 1056768K
  class space    used 603K, capacity 620K, committed 640K, reserved 1048576K
}
Event: 12.141 GC heap before
{Heap before GC invocations=22 (full 5):
 PSYoungGen      total 883712K, used 756015K [0x000000076ab00000, 0x00000007b6300000, 0x00000007c0000000)
  eden space 604160K, 100% used [0x000000076ab00000,0x000000078f900000,0x000000078f900000)
  from space 279552K, 54% used [0x000000078f900000,0x0000000798d4bc60,0x00000007a0a00000)
  to   space 219648K, 0% used [0x00000007a0a00000,0x00000007a0a00000,0x00000007ae080000)
 ParOldGen       total 571904K, used 571665K [0x00000006c0000000, 0x00000006e2e80000, 0x000000076ab00000)
  object space 571904K, 99% used [0x00000006c0000000,0x00000006e2e44730,0x00000006e2e80000)
 Metaspace       used 6755K, capacity 7352K, committed 7552K, reserved 1056768K
  class space    used 608K, capacity 624K, committed 640K, reserved 1048576K
Event: 16.363 GC heap after
Heap after GC invocations=22 (full 5):
 PSYoungGen      total 883712K, used 239827K [0x000000076ab00000, 0x00000007b6300000, 0x00000007c0000000)
  eden space 604160K, 39% used [0x000000076ab00000,0x0000000779534cd0,0x000000078f900000)
  from space 279552K, 0% used [0x000000078f900000,0x000000078f900000,0x00000007a0a00000)
  to   space 219648K, 0% used [0x00000007a0a00000,0x00000007a0a00000,0x00000007ae080000)
 ParOldGen       total 571904K, used 571896K [0x00000006c0000000, 0x00000006e2e80000, 0x000000076ab00000)
  object space 571904K, 99% used [0x00000006c0000000,0x00000006e2e7e290,0x00000006e2e80000)
 Metaspace       used 6755K, capacity 7352K, committed 7552K, reserved 1056768K
  class space    used 608K, capacity 624K, committed 640K, reserved 1048576K
}

