# JRE version: OpenJDK Runtime Environment (8.0_112-b06) (build 1.8.0_112-release-b06)
# Java VM: OpenJDK 64-Bit Server VM (25.112-b06 mixed mode windows-amd64 compressed oops)
Heap:
 PSYoungGen      total 248832K, used 22448K [0x000000076ab00000, 0x0000000782d80000, 0x00000007c0000000)
  eden space 193536K, 11% used [0x000000076ab00000,0x000000076c0ec210,0x0000000776800000)
  from space 55296K, 0% used [0x000000077f780000,0x000000077f780000,0x0000000782d80000)
  to   space 40960K, 0% used [0x0000000776800000,0x0000000776800000,0x0000000779000000)
 ParOldGen       total 107008K, used 101676K [0x00000006c0000000, 0x00000006c6880000, 0x000000076ab00000)
  object space 107008K, 95% used [0x00000006c0000000,0x00000006c634b070,0x00000006c6880000)
 Metaspace       used 6091K, capacity 7152K, committed 7296K, reserved 1056768K
  class space    used 567K, capacity 616K, committed 640K, reserved 1048576K
GC Heap History (10 events):
Event: 4.607 GC heap before
{Heap before GC invocations=6 (full 1):
 PSYoungGen      total 136192K, used 131072K [0x000000076ab00000, 0x0000000773500000, 0x00000007c0000000)
  eden space 131072K, 100% used [0x000000076ab00000,0x0000000772b00000,0x0000000772b00000)
  from space 5120K, 0% used [0x0000000773000000,0x0000000773000000,0x0000000773500000)
  to   space 5120K, 0% used [0x0000000772b00000,0x0000000772b00000,0x0000000773000000)
 ParOldGen       total 107008K, used 26654K [0x00000006c0000000, 0x00000006c6880000, 0x000000076ab00000)
  object space 107008K, 24% used [0x00000006c0000000,0x00000006c1a07998,0x00000006c6880000)
 Metaspace       used 5931K, capacity 7024K, committed 7296K, reserved 1056768K
  class space    used 562K, capacity 616K, committed 640K, reserved 1048576K
Event: 4.881 GC heap after
Heap after GC invocations=6 (full 1):
 PSYoungGen      total 136192K, used 5111K [0x000000076ab00000, 0x000000077b900000, 0x00000007c0000000)
  eden space 131072K, 0% used [0x000000076ab00000,0x000000076ab00000,0x0000000772b00000)
  from space 5120K, 99% used [0x0000000772b00000,0x0000000772ffdc78,0x0000000773000000)
  to   space 41472K, 0% used [0x0000000779080000,0x0000000779080000,0x000000077b900000)
 ParOldGen       total 107008K, used 55407K [0x00000006c0000000, 0x00000006c6880000, 0x000000076ab00000)
  object space 107008K, 51% used [0x00000006c0000000,0x00000006c361bcc0,0x00000006c6880000)
 Metaspace       used 5931K, capacity 7024K, committed 7296K, reserved 1056768K
  class space    used 562K, capacity 616K, committed 640K, reserved 1048576K
}
Event: 5.393 GC heap before
{Heap before GC invocations=7 (full 1):
 PSYoungGen      total 136192K, used 136183K [0x000000076ab00000, 0x000000077b900000, 0x00000007c0000000)
  eden space 131072K, 100% used [0x000000076ab00000,0x0000000772b00000,0x0000000772b00000)
  from space 5120K, 99% used [0x0000000772b00000,0x0000000772ffdc78,0x0000000773000000)
  to   space 41472K, 0% used [0x0000000779080000,0x0000000779080000,0x000000077b900000)
 ParOldGen       total 107008K, used 55407K [0x00000006c0000000, 0x00000006c6880000, 0x000000076ab00000)
  object space 107008K, 51% used [0x00000006c0000000,0x00000006c361bcc0,0x00000006c6880000)
 Metaspace       used 5997K, capacity 7088K, committed 7296K, reserved 1056768K
  class space    used 562K, capacity 616K, committed 640K, reserved 1048576K
Event: 5.453 GC heap after
Heap after GC invocations=7 (full 1):
 PSYoungGen      total 233984K, used 27827K [0x000000076ab00000, 0x000000077b800000, 0x00000007c0000000)
  eden space 193536K, 0% used [0x000000076ab00000,0x000000076ab00000,0x0000000776800000)
  from space 40448K, 68% used [0x0000000779080000,0x000000077abacee0,0x000000077b800000)
  to   space 40960K, 0% used [0x0000000776800000,0x0000000776800000,0x0000000779000000)
 ParOldGen       total 107008K, used 55415K [0x00000006c0000000, 0x00000006c6880000, 0x000000076ab00000)
  object space 107008K, 51% used [0x00000006c0000000,0x00000006c361dcc0,0x00000006c6880000)
 Metaspace       used 5997K, capacity 7088K, committed 7296K, reserved 1056768K
  class space    used 562K, capacity 616K, committed 640K, reserved 1048576K
}
Event: 6.932 GC heap before
{Heap before GC invocations=8 (full 1):
 PSYoungGen      total 233984K, used 221363K [0x000000076ab00000, 0x000000077b800000, 0x00000007c0000000)
  eden space 193536K, 100% used [0x000000076ab00000,0x0000000776800000,0x0000000776800000)
  from space 40448K, 68% used [0x0000000779080000,0x000000077abacee0,0x000000077b800000)
  to   space 40960K, 0% used [0x0000000776800000,0x0000000776800000,0x0000000779000000)
 ParOldGen       total 107008K, used 55415K [0x00000006c0000000, 0x00000006c6880000, 0x000000076ab00000)
  object space 107008K, 51% used [0x00000006c0000000,0x00000006c361dcc0,0x00000006c6880000)
 Metaspace       used 6077K, capacity 7152K, committed 7296K, reserved 1056768K
  class space    used 567K, capacity 616K, committed 640K, reserved 1048576K
Event: 7.098 GC heap after
Heap after GC invocations=8 (full 1):
 PSYoungGen      total 234496K, used 40928K [0x000000076ab00000, 0x0000000782d80000, 0x00000007c0000000)
  eden space 193536K, 0% used [0x000000076ab00000,0x000000076ab00000,0x0000000776800000)
  from space 40960K, 99% used [0x0000000776800000,0x0000000778ff8330,0x0000000779000000)
  to   space 55296K, 0% used [0x000000077f780000,0x000000077f780000,0x0000000782d80000)
 ParOldGen       total 107008K, used 71731K [0x00000006c0000000, 0x00000006c6880000, 0x000000076ab00000)
  object space 107008K, 67% used [0x00000006c0000000,0x00000006c460cf58,0x00000006c6880000)
 Metaspace       used 6077K, capacity 7152K, committed 7296K, reserved 1056768K
  class space    used 567K, capacity 616K, committed 640K, reserved 1048576K
}
Event: 7.789 GC heap before
{Heap before GC invocations=9 (full 1):
 PSYoungGen      total 234496K, used 234464K [0x000000076ab00000, 0x0000000782d80000, 0x00000007c0000000)
  eden space 193536K, 100% used [0x000000076ab00000,0x0000000776800000,0x0000000776800000)
  from space 40960K, 99% used [0x0000000776800000,0x0000000778ff8330,0x0000000779000000)
  to   space 55296K, 0% used [0x000000077f780000,0x000000077f780000,0x0000000782d80000)
 ParOldGen       total 107008K, used 71731K [0x00000006c0000000, 0x00000006c6880000, 0x000000076ab00000)
  object space 107008K, 67% used [0x00000006c0000000,0x00000006c460cf58,0x00000006c6880000)
 Metaspace       used 6091K, capacity 7152K, committed 7296K, reserved 1056768K
  class space    used 567K, capacity 616K, committed 640K, reserved 1048576K
Event: 8.143 GC heap after
Heap after GC invocations=9 (full 1):
 PSYoungGen      total 248832K, used 55292K [0x000000076ab00000, 0x0000000782d80000, 0x00000007c0000000)
  eden space 193536K, 0% used [0x000000076ab00000,0x000000076ab00000,0x0000000776800000)
  from space 55296K, 99% used [0x000000077f780000,0x0000000782d7f280,0x0000000782d80000)
  to   space 40960K, 0% used [0x0000000776800000,0x0000000776800000,0x0000000779000000)
 ParOldGen       total 107008K, used 79191K [0x00000006c0000000, 0x00000006c6880000, 0x000000076ab00000)
  object space 107008K, 74% used [0x00000006c0000000,0x00000006c4d55ed0,0x00000006c6880000)
 Metaspace       used 6091K, capacity 7152K, committed 7296K, reserved 1056768K
  class space    used 567K, capacity 616K, committed 640K, reserved 1048576K
}
Event: 8.143 GC heap before
{Heap before GC invocations=10 (full 2):
 PSYoungGen      total 248832K, used 55292K [0x000000076ab00000, 0x0000000782d80000, 0x00000007c0000000)
  eden space 193536K, 0% used [0x000000076ab00000,0x000000076ab00000,0x0000000776800000)
  from space 55296K, 99% used [0x000000077f780000,0x0000000782d7f280,0x0000000782d80000)
  to   space 40960K, 0% used [0x0000000776800000,0x0000000776800000,0x0000000779000000)
 ParOldGen       total 107008K, used 79191K [0x00000006c0000000, 0x00000006c6880000, 0x000000076ab00000)
  object space 107008K, 74% used [0x00000006c0000000,0x00000006c4d55ed0,0x00000006c6880000)
 Metaspace       used 6091K, capacity 7152K, committed 7296K, reserved 1056768K
  class space    used 567K, capacity 616K, committed 640K, reserved 1048576K
Event: 9.593 GC heap after
Heap after GC invocations=10 (full 2):
 PSYoungGen      total 248832K, used 0K [0x000000076ab00000, 0x0000000782d80000, 0x00000007c0000000)
  eden space 193536K, 0% used [0x000000076ab00000,0x000000076ab00000,0x0000000776800000)
  from space 55296K, 0% used [0x000000077f780000,0x000000077f780000,0x0000000782d80000)
  to   space 40960K, 0% used [0x0000000776800000,0x0000000776800000,0x0000000779000000)
 ParOldGen       total 107008K, used 101676K [0x00000006c0000000, 0x00000006c6880000, 0x000000076ab00000)
  object space 107008K, 95% used [0x00000006c0000000,0x00000006c634b070,0x00000006c6880000)
 Metaspace       used 6091K, capacity 7152K, committed 7296K, reserved 1056768K
  class space    used 567K, capacity 616K, committed 640K, reserved 1048576K
}

