# JRE version: OpenJDK Runtime Environment (8.0_76-b03) (build 1.8.0_76-release-b03)
# Java VM: OpenJDK 64-Bit Server VM (25.76-b03 mixed mode windows-amd64 compressed oops)
Heap:
 PSYoungGen      total 456704K, used 173634K [0x000000076ab00000, 0x0000000790900000, 0x00000007c0000000)
  eden space 385536K, 26% used [0x000000076ab00000,0x0000000770f18738,0x0000000782380000)
  from space 71168K, 99% used [0x0000000787f00000,0x000000078c4782c8,0x000000078c480000)
  to   space 93696K, 0% used [0x0000000782380000,0x0000000782380000,0x0000000787f00000)
 ParOldGen       total 156672K, used 90763K [0x00000006c0000000, 0x00000006c9900000, 0x000000076ab00000)
  object space 156672K, 57% used [0x00000006c0000000,0x00000006c58a2df8,0x00000006c9900000)
 Metaspace       used 6419K, capacity 7344K, committed 7552K, reserved 1056768K
  class space    used 599K, capacity 616K, committed 640K, reserved 1048576K
GC Heap History (10 events):
Event: 4.749 GC heap before
{Heap before GC invocations=5 (full 0):
 PSYoungGen      total 136192K, used 136186K [0x000000076ab00000, 0x0000000773500000, 0x00000007c0000000)
  eden space 131072K, 100% used [0x000000076ab00000,0x0000000772b00000,0x0000000772b00000)
  from space 5120K, 99% used [0x0000000773000000,0x00000007734feba8,0x0000000773500000)
  to   space 5120K, 0% used [0x0000000772b00000,0x0000000772b00000,0x0000000773000000)
 ParOldGen       total 86016K, used 53561K [0x00000006c0000000, 0x00000006c5400000, 0x000000076ab00000)
  object space 86016K, 62% used [0x00000006c0000000,0x00000006c344e578,0x00000006c5400000)
 Metaspace       used 6013K, capacity 7088K, committed 7296K, reserved 1056768K
  class space    used 562K, capacity 616K, committed 640K, reserved 1048576K
Event: 4.789 GC heap after
Heap after GC invocations=5 (full 0):
 PSYoungGen      total 136192K, used 5104K [0x000000076ab00000, 0x0000000781600000, 0x00000007c0000000)
  eden space 131072K, 0% used [0x000000076ab00000,0x000000076ab00000,0x0000000772b00000)
  from space 5120K, 99% used [0x0000000772b00000,0x0000000772ffc118,0x0000000773000000)
  to   space 54784K, 0% used [0x000000077e080000,0x000000077e080000,0x0000000781600000)
 ParOldGen       total 102912K, used 100505K [0x00000006c0000000, 0x00000006c6480000, 0x000000076ab00000)
  object space 102912K, 97% used [0x00000006c0000000,0x00000006c6226510,0x00000006c6480000)
 Metaspace       used 6013K, capacity 7088K, committed 7296K, reserved 1056768K
  class space    used 562K, capacity 616K, committed 640K, reserved 1048576K
}
Event: 4.789 GC heap before
{Heap before GC invocations=6 (full 1):
 PSYoungGen      total 136192K, used 5104K [0x000000076ab00000, 0x0000000781600000, 0x00000007c0000000)
  eden space 131072K, 0% used [0x000000076ab00000,0x000000076ab00000,0x0000000772b00000)
  from space 5120K, 99% used [0x0000000772b00000,0x0000000772ffc118,0x0000000773000000)
  to   space 54784K, 0% used [0x000000077e080000,0x000000077e080000,0x0000000781600000)
 ParOldGen       total 102912K, used 100505K [0x00000006c0000000, 0x00000006c6480000, 0x000000076ab00000)
  object space 102912K, 97% used [0x00000006c0000000,0x00000006c6226510,0x00000006c6480000)
 Metaspace       used 6013K, capacity 7088K, committed 7296K, reserved 1056768K
  class space    used 562K, capacity 616K, committed 640K, reserved 1048576K
Event: 5.024 GC heap after
Heap after GC invocations=6 (full 1):
 PSYoungGen      total 136192K, used 0K [0x000000076ab00000, 0x0000000781600000, 0x00000007c0000000)
  eden space 131072K, 0% used [0x000000076ab00000,0x000000076ab00000,0x0000000772b00000)
  from space 5120K, 0% used [0x0000000772b00000,0x0000000772b00000,0x0000000773000000)
  to   space 54784K, 0% used [0x000000077e080000,0x000000077e080000,0x0000000781600000)
 ParOldGen       total 156672K, used 66729K [0x00000006c0000000, 0x00000006c9900000, 0x000000076ab00000)
  object space 156672K, 42% used [0x00000006c0000000,0x00000006c412a6e8,0x00000006c9900000)
 Metaspace       used 6013K, capacity 7088K, committed 7296K, reserved 1056768K
  class space    used 562K, capacity 616K, committed 640K, reserved 1048576K
}
Event: 5.493 GC heap before
{Heap before GC invocations=7 (full 1):
 PSYoungGen      total 136192K, used 131072K [0x000000076ab00000, 0x0000000781600000, 0x00000007c0000000)
  eden space 131072K, 100% used [0x000000076ab00000,0x0000000772b00000,0x0000000772b00000)
  from space 5120K, 0% used [0x0000000772b00000,0x0000000772b00000,0x0000000773000000)
  to   space 54784K, 0% used [0x000000077e080000,0x000000077e080000,0x0000000781600000)
 ParOldGen       total 156672K, used 66729K [0x00000006c0000000, 0x00000006c9900000, 0x000000076ab00000)
  object space 156672K, 42% used [0x00000006c0000000,0x00000006c412a6e8,0x00000006c9900000)
 Metaspace       used 6033K, capacity 7152K, committed 7296K, reserved 1056768K
  class space    used 562K, capacity 616K, committed 640K, reserved 1048576K
Event: 5.542 GC heap after
Heap after GC invocations=7 (full 1):
 PSYoungGen      total 281088K, used 49757K [0x000000076ab00000, 0x0000000781180000, 0x00000007c0000000)
  eden space 230912K, 0% used [0x000000076ab00000,0x000000076ab00000,0x0000000778c80000)
  from space 50176K, 99% used [0x000000077e080000,0x00000007811174f0,0x0000000781180000)
  to   space 64000K, 0% used [0x0000000779480000,0x0000000779480000,0x000000077d300000)
 ParOldGen       total 156672K, used 66729K [0x00000006c0000000, 0x00000006c9900000, 0x000000076ab00000)
  object space 156672K, 42% used [0x00000006c0000000,0x00000006c412a6e8,0x00000006c9900000)
 Metaspace       used 6033K, capacity 7152K, committed 7296K, reserved 1056768K
  class space    used 562K, capacity 616K, committed 640K, reserved 1048576K
}
Event: 6.574 GC heap before
{Heap before GC invocations=8 (full 1):
 PSYoungGen      total 281088K, used 280669K [0x000000076ab00000, 0x0000000781180000, 0x00000007c0000000)
  eden space 230912K, 100% used [0x000000076ab00000,0x0000000778c80000,0x0000000778c80000)
  from space 50176K, 99% used [0x000000077e080000,0x00000007811174f0,0x0000000781180000)
  to   space 64000K, 0% used [0x0000000779480000,0x0000000779480000,0x000000077d300000)
 ParOldGen       total 156672K, used 66729K [0x00000006c0000000, 0x00000006c9900000, 0x000000076ab00000)
  object space 156672K, 42% used [0x00000006c0000000,0x00000006c412a6e8,0x00000006c9900000)
 Metaspace       used 6061K, capacity 7152K, committed 7296K, reserved 1056768K
  class space    used 563K, capacity 616K, committed 640K, reserved 1048576K
Event: 6.796 GC heap after
Heap after GC invocations=8 (full 1):
 PSYoungGen      total 303104K, used 52592K [0x000000076ab00000, 0x000000078c480000, 0x00000007c0000000)
  eden space 239104K, 0% used [0x000000076ab00000,0x000000076ab00000,0x0000000779480000)
  from space 64000K, 82% used [0x0000000779480000,0x000000077c7dc2b0,0x000000077d300000)
  to   space 71168K, 0% used [0x0000000787f00000,0x0000000787f00000,0x000000078c480000)
 ParOldGen       total 156672K, used 66729K [0x00000006c0000000, 0x00000006c9900000, 0x000000076ab00000)
  object space 156672K, 42% used [0x00000006c0000000,0x00000006c412a6e8,0x00000006c9900000)
 Metaspace       used 6061K, capacity 7152K, committed 7296K, reserved 1056768K
  class space    used 563K, capacity 616K, committed 640K, reserved 1048576K
}
Event: 8.453 GC heap before
{Heap before GC invocations=9 (full 1):
 PSYoungGen      total 303104K, used 291696K [0x000000076ab00000, 0x000000078c480000, 0x00000007c0000000)
  eden space 239104K, 100% used [0x000000076ab00000,0x0000000779480000,0x0000000779480000)
  from space 64000K, 82% used [0x0000000779480000,0x000000077c7dc2b0,0x000000077d300000)
  to   space 71168K, 0% used [0x0000000787f00000,0x0000000787f00000,0x000000078c480000)
 ParOldGen       total 156672K, used 66729K [0x00000006c0000000, 0x00000006c9900000, 0x000000076ab00000)
  object space 156672K, 42% used [0x00000006c0000000,0x00000006c412a6e8,0x00000006c9900000)
 Metaspace       used 6167K, capacity 7152K, committed 7296K, reserved 1056768K
  class space    used 582K, capacity 616K, committed 640K, reserved 1048576K
Event: 9.317 GC heap after
Heap after GC invocations=9 (full 1):
 PSYoungGen      total 456704K, used 71136K [0x000000076ab00000, 0x0000000790900000, 0x00000007c0000000)
  eden space 385536K, 0% used [0x000000076ab00000,0x000000076ab00000,0x0000000782380000)
  from space 71168K, 99% used [0x0000000787f00000,0x000000078c4782c8,0x000000078c480000)
  to   space 93696K, 0% used [0x0000000782380000,0x0000000782380000,0x0000000787f00000)
 ParOldGen       total 156672K, used 90763K [0x00000006c0000000, 0x00000006c9900000, 0x000000076ab00000)
  object space 156672K, 57% used [0x00000006c0000000,0x00000006c58a2df8,0x00000006c9900000)
 Metaspace       used 6167K, capacity 7152K, committed 7296K, reserved 1056768K
  class space    used 582K, capacity 616K, committed 640K, reserved 1048576K
}

