# JRE version: OpenJDK Runtime Environment (8.0_76-b03) (build 1.8.0_76-release-b03)
# Java VM: OpenJDK 64-Bit Server VM (25.76-b03 mixed mode windows-amd64 compressed oops)
Heap:
 PSYoungGen      total 954880K, used 359216K [0x000000076ab00000, 0x00000007ba800000, 0x00000007c0000000)
  eden space 675840K, 11% used [0x000000076ab00000,0x000000076f94d218,0x0000000793f00000)
  from space 279040K, 99% used [0x00000007a9780000,0x00000007ba7fedf0,0x00000007ba800000)
  to   space 257024K, 0% used [0x0000000793f00000,0x0000000793f00000,0x00000007a3a00000)
 ParOldGen       total 832000K, used 566579K [0x00000006c0000000, 0x00000006f2c80000, 0x000000076ab00000)
  object space 832000K, 68% used [0x00000006c0000000,0x00000006e294ceb8,0x00000006f2c80000)
 Metaspace       used 6967K, capacity 7576K, committed 7936K, reserved 1056768K
  class space    used 622K, capacity 656K, committed 768K, reserved 1048576K
GC Heap History (10 events):
Event: 8.902 GC heap before
{Heap before GC invocations=18 (full 3):
 PSYoungGen      total 769024K, used 709795K [0x000000076ab00000, 0x00000007a8700000, 0x00000007c0000000)
  eden space 590336K, 100% used [0x000000076ab00000,0x000000078eb80000,0x000000078eb80000)
  from space 178688K, 66% used [0x000000079ab80000,0x00000007a2028fa8,0x00000007a5a00000)
  to   space 196608K, 0% used [0x000000078eb80000,0x000000078eb80000,0x000000079ab80000)
 ParOldGen       total 549888K, used 346103K [0x00000006c0000000, 0x00000006e1900000, 0x000000076ab00000)
  object space 549888K, 62% used [0x00000006c0000000,0x00000006d51fddb8,0x00000006e1900000)
 Metaspace       used 6675K, capacity 7284K, committed 7552K, reserved 1056768K
  class space    used 604K, capacity 620K, committed 640K, reserved 1048576K
Event: 9.051 GC heap after
Heap after GC invocations=18 (full 3):
 PSYoungGen      total 786944K, used 196592K [0x000000076ab00000, 0x00000007b1f00000, 0x00000007c0000000)
  eden space 590336K, 0% used [0x000000076ab00000,0x000000076ab00000,0x000000078eb80000)
  from space 196608K, 99% used [0x000000078eb80000,0x000000079ab7c140,0x000000079ab80000)
  to   space 234496K, 0% used [0x00000007a3a00000,0x00000007a3a00000,0x00000007b1f00000)
 ParOldGen       total 549888K, used 356227K [0x00000006c0000000, 0x00000006e1900000, 0x000000076ab00000)
  object space 549888K, 64% used [0x00000006c0000000,0x00000006d5be0ec0,0x00000006e1900000)
 Metaspace       used 6675K, capacity 7284K, committed 7552K, reserved 1056768K
  class space    used 604K, capacity 620K, committed 640K, reserved 1048576K
}
Event: 9.663 GC heap before
{Heap before GC invocations=19 (full 3):
 PSYoungGen      total 786944K, used 786928K [0x000000076ab00000, 0x00000007b1f00000, 0x00000007c0000000)
  eden space 590336K, 100% used [0x000000076ab00000,0x000000078eb80000,0x000000078eb80000)
  from space 196608K, 99% used [0x000000078eb80000,0x000000079ab7c140,0x000000079ab80000)
  to   space 234496K, 0% used [0x00000007a3a00000,0x00000007a3a00000,0x00000007b1f00000)
 ParOldGen       total 549888K, used 356227K [0x00000006c0000000, 0x00000006e1900000, 0x000000076ab00000)
  object space 549888K, 64% used [0x00000006c0000000,0x00000006d5be0ec0,0x00000006e1900000)
 Metaspace       used 6679K, capacity 7284K, committed 7552K, reserved 1056768K
  class space    used 604K, capacity 620K, committed 640K, reserved 1048576K
Event: 9.864 GC heap after
Heap after GC invocations=19 (full 3):
 PSYoungGen      total 910336K, used 186380K [0x000000076ab00000, 0x00000007b5e80000, 0x00000007c0000000)
  eden space 675840K, 0% used [0x000000076ab00000,0x000000076ab00000,0x0000000793f00000)
  from space 234496K, 79% used [0x00000007a3a00000,0x00000007af0030e0,0x00000007b1f00000)
  to   space 257024K, 0% used [0x0000000793f00000,0x0000000793f00000,0x00000007a3a00000)
 ParOldGen       total 549888K, used 468086K [0x00000006c0000000, 0x00000006e1900000, 0x000000076ab00000)
  object space 549888K, 85% used [0x00000006c0000000,0x00000006dc91db00,0x00000006e1900000)
 Metaspace       used 6679K, capacity 7284K, committed 7552K, reserved 1056768K
  class space    used 604K, capacity 620K, committed 640K, reserved 1048576K
}
Event: 9.864 GC heap before
{Heap before GC invocations=20 (full 4):
 PSYoungGen      total 910336K, used 186380K [0x000000076ab00000, 0x00000007b5e80000, 0x00000007c0000000)
  eden space 675840K, 0% used [0x000000076ab00000,0x000000076ab00000,0x0000000793f00000)
  from space 234496K, 79% used [0x00000007a3a00000,0x00000007af0030e0,0x00000007b1f00000)
  to   space 257024K, 0% used [0x0000000793f00000,0x0000000793f00000,0x00000007a3a00000)
 ParOldGen       total 549888K, used 468086K [0x00000006c0000000, 0x00000006e1900000, 0x000000076ab00000)
  object space 549888K, 85% used [0x00000006c0000000,0x00000006dc91db00,0x00000006e1900000)
 Metaspace       used 6679K, capacity 7284K, committed 7552K, reserved 1056768K
  class space    used 604K, capacity 620K, committed 640K, reserved 1048576K
Event: 11.701 GC heap after
Heap after GC invocations=20 (full 4):
 PSYoungGen      total 910336K, used 96651K [0x000000076ab00000, 0x00000007b5e80000, 0x00000007c0000000)
  eden space 675840K, 0% used [0x000000076ab00000,0x000000076ab00000,0x0000000793f00000)
  from space 234496K, 41% used [0x00000007a3a00000,0x00000007a9862eb0,0x00000007b1f00000)
  to   space 257024K, 0% used [0x0000000793f00000,0x0000000793f00000,0x00000007a3a00000)
 ParOldGen       total 832000K, used 549883K [0x00000006c0000000, 0x00000006f2c80000, 0x000000076ab00000)
  object space 832000K, 66% used [0x00000006c0000000,0x00000006e18feed0,0x00000006f2c80000)
 Metaspace       used 6679K, capacity 7284K, committed 7552K, reserved 1056768K
  class space    used 604K, capacity 620K, committed 640K, reserved 1048576K
}
Event: 12.511 GC heap before
{Heap before GC invocations=21 (full 4):
 PSYoungGen      total 910336K, used 772491K [0x000000076ab00000, 0x00000007b5e80000, 0x00000007c0000000)
  eden space 675840K, 100% used [0x000000076ab00000,0x0000000793f00000,0x0000000793f00000)
  from space 234496K, 41% used [0x00000007a3a00000,0x00000007a9862eb0,0x00000007b1f00000)
  to   space 257024K, 0% used [0x0000000793f00000,0x0000000793f00000,0x00000007a3a00000)
 ParOldGen       total 832000K, used 549883K [0x00000006c0000000, 0x00000006f2c80000, 0x000000076ab00000)
  object space 832000K, 66% used [0x00000006c0000000,0x00000006e18feed0,0x00000006f2c80000)
 Metaspace       used 6679K, capacity 7284K, committed 7552K, reserved 1056768K
  class space    used 604K, capacity 620K, committed 640K, reserved 1048576K
Event: 12.660 GC heap after
Heap after GC invocations=21 (full 4):
 PSYoungGen      total 932864K, used 198385K [0x000000076ab00000, 0x00000007ba800000, 0x00000007c0000000)
  eden space 675840K, 0% used [0x000000076ab00000,0x000000076ab00000,0x0000000793f00000)
  from space 257024K, 77% used [0x0000000793f00000,0x00000007a00bc4f0,0x00000007a3a00000)
  to   space 279040K, 0% used [0x00000007a9780000,0x00000007a9780000,0x00000007ba800000)
 ParOldGen       total 832000K, used 549883K [0x00000006c0000000, 0x00000006f2c80000, 0x000000076ab00000)
  object space 832000K, 66% used [0x00000006c0000000,0x00000006e18feed0,0x00000006f2c80000)
 Metaspace       used 6679K, capacity 7284K, committed 7552K, reserved 1056768K
  class space    used 604K, capacity 620K, committed 640K, reserved 1048576K
}
Event: 13.524 GC heap before
{Heap before GC invocations=22 (full 4):
 PSYoungGen      total 932864K, used 874225K [0x000000076ab00000, 0x00000007ba800000, 0x00000007c0000000)
  eden space 675840K, 100% used [0x000000076ab00000,0x0000000793f00000,0x0000000793f00000)
  from space 257024K, 77% used [0x0000000793f00000,0x00000007a00bc4f0,0x00000007a3a00000)
  to   space 279040K, 0% used [0x00000007a9780000,0x00000007a9780000,0x00000007ba800000)
 ParOldGen       total 832000K, used 549883K [0x00000006c0000000, 0x00000006f2c80000, 0x000000076ab00000)
  object space 832000K, 66% used [0x00000006c0000000,0x00000006e18feed0,0x00000006f2c80000)
 Metaspace       used 6786K, capacity 7384K, committed 7680K, reserved 1056768K
  class space    used 610K, capacity 656K, committed 768K, reserved 1048576K
Event: 13.669 GC heap after
Heap after GC invocations=22 (full 4):
 PSYoungGen      total 954880K, used 279035K [0x000000076ab00000, 0x00000007ba800000, 0x00000007c0000000)
  eden space 675840K, 0% used [0x000000076ab00000,0x000000076ab00000,0x0000000793f00000)
  from space 279040K, 99% used [0x00000007a9780000,0x00000007ba7fedf0,0x00000007ba800000)
  to   space 257024K, 0% used [0x0000000793f00000,0x0000000793f00000,0x00000007a3a00000)
 ParOldGen       total 832000K, used 566579K [0x00000006c0000000, 0x00000006f2c80000, 0x000000076ab00000)
  object space 832000K, 68% used [0x00000006c0000000,0x00000006e294ceb8,0x00000006f2c80000)
 Metaspace       used 6786K, capacity 7384K, committed 7680K, reserved 1056768K
  class space    used 610K, capacity 656K, committed 768K, reserved 1048576K
}

