# JRE version: OpenJDK Runtime Environment (8.0_76-b03) (build 1.8.0_76-release-b03)
# Java VM: OpenJDK 64-Bit Server VM (25.76-b03 mixed mode windows-amd64 compressed oops)
Heap:
 PSYoungGen      total 96768K, used 96754K [0x000000076ab00000, 0x0000000773500000, 0x00000007c0000000)
  eden space 91648K, 100% used [0x000000076ab00000,0x0000000770480000,0x0000000770480000)
  from space 5120K, 99% used [0x0000000772b00000,0x0000000772ffc968,0x0000000773000000)
  to   space 5120K, 98% used [0x0000000773000000,0x00000007734e8e08,0x0000000773500000)
 ParOldGen       total 139776K, used 95703K [0x00000006c0000000, 0x00000006c8880000, 0x000000076ab00000)
  object space 139776K, 68% used [0x00000006c0000000,0x00000006c5d75d78,0x00000006c8880000)
 Metaspace       used 5996K, capacity 7088K, committed 7296K, reserved 1056768K
  class space    used 561K, capacity 616K, committed 640K, reserved 1048576K
GC Heap History (10 events):
Event: 2.467 GC heap before
{Heap before GC invocations=2 (full 0):
 PSYoungGen      total 37888K, used 37877K [0x000000076ab00000, 0x000000076f500000, 0x00000007c0000000)
  eden space 32768K, 100% used [0x000000076ab00000,0x000000076cb00000,0x000000076cb00000)
  from space 5120K, 99% used [0x000000076cb00000,0x000000076cffd420,0x000000076d000000)
  to   space 5120K, 0% used [0x000000076f000000,0x000000076f000000,0x000000076f500000)
 ParOldGen       total 86016K, used 3072K [0x00000006c0000000, 0x00000006c5400000, 0x000000076ab00000)
  object space 86016K, 3% used [0x00000006c0000000,0x00000006c0300110,0x00000006c5400000)
 Metaspace       used 5764K, capacity 6896K, committed 7040K, reserved 1056768K
  class space    used 560K, capacity 616K, committed 640K, reserved 1048576K
Event: 2.627 GC heap after
Heap after GC invocations=2 (full 0):
 PSYoungGen      total 70656K, used 5113K [0x000000076ab00000, 0x000000076f500000, 0x00000007c0000000)
  eden space 65536K, 0% used [0x000000076ab00000,0x000000076ab00000,0x000000076eb00000)
  from space 5120K, 99% used [0x000000076f000000,0x000000076f4fe640,0x000000076f500000)
  to   space 5120K, 0% used [0x000000076eb00000,0x000000076eb00000,0x000000076f000000)
 ParOldGen       total 86016K, used 19997K [0x00000006c0000000, 0x00000006c5400000, 0x000000076ab00000)
  object space 86016K, 23% used [0x00000006c0000000,0x00000006c1387558,0x00000006c5400000)
 Metaspace       used 5764K, capacity 6896K, committed 7040K, reserved 1056768K
  class space    used 560K, capacity 616K, committed 640K, reserved 1048576K
}
Event: 3.125 GC heap before
{Heap before GC invocations=3 (full 0):
 PSYoungGen      total 70656K, used 70649K [0x000000076ab00000, 0x000000076f500000, 0x00000007c0000000)
  eden space 65536K, 100% used [0x000000076ab00000,0x000000076eb00000,0x000000076eb00000)
  from space 5120K, 99% used [0x000000076f000000,0x000000076f4fe640,0x000000076f500000)
  to   space 5120K, 0% used [0x000000076eb00000,0x000000076eb00000,0x000000076f000000)
 ParOldGen       total 86016K, used 19997K [0x00000006c0000000, 0x00000006c5400000, 0x000000076ab00000)
  object space 86016K, 23% used [0x00000006c0000000,0x00000006c1387558,0x00000006c5400000)
 Metaspace       used 5806K, capacity 6960K, committed 7040K, reserved 1056768K
  class space    used 561K, capacity 616K, committed 640K, reserved 1048576K
Event: 3.245 GC heap after
Heap after GC invocations=3 (full 0):
 PSYoungGen      total 70656K, used 5110K [0x000000076ab00000, 0x0000000773500000, 0x00000007c0000000)
  eden space 65536K, 0% used [0x000000076ab00000,0x000000076ab00000,0x000000076eb00000)
  from space 5120K, 99% used [0x000000076eb00000,0x000000076effdb70,0x000000076f000000)
  to   space 5120K, 0% used [0x0000000773000000,0x0000000773000000,0x0000000773500000)
 ParOldGen       total 86016K, used 51230K [0x00000006c0000000, 0x00000006c5400000, 0x000000076ab00000)
  object space 86016K, 59% used [0x00000006c0000000,0x00000006c3207938,0x00000006c5400000)
 Metaspace       used 5806K, capacity 6960K, committed 7040K, reserved 1056768K
  class space    used 561K, capacity 616K, committed 640K, reserved 1048576K
}
Event: 3.245 GC heap before
{Heap before GC invocations=4 (full 1):
 PSYoungGen      total 70656K, used 5110K [0x000000076ab00000, 0x0000000773500000, 0x00000007c0000000)
  eden space 65536K, 0% used [0x000000076ab00000,0x000000076ab00000,0x000000076eb00000)
  from space 5120K, 99% used [0x000000076eb00000,0x000000076effdb70,0x000000076f000000)
  to   space 5120K, 0% used [0x0000000773000000,0x0000000773000000,0x0000000773500000)
 ParOldGen       total 86016K, used 51230K [0x00000006c0000000, 0x00000006c5400000, 0x000000076ab00000)
  object space 86016K, 59% used [0x00000006c0000000,0x00000006c3207938,0x00000006c5400000)
 Metaspace       used 5806K, capacity 6960K, committed 7040K, reserved 1056768K
  class space    used 561K, capacity 616K, committed 640K, reserved 1048576K
Event: 4.369 GC heap after
Heap after GC invocations=4 (full 1):
 PSYoungGen      total 70656K, used 0K [0x000000076ab00000, 0x0000000773500000, 0x00000007c0000000)
  eden space 65536K, 0% used [0x000000076ab00000,0x000000076ab00000,0x000000076eb00000)
  from space 5120K, 0% used [0x000000076eb00000,0x000000076eb00000,0x000000076f000000)
  to   space 5120K, 0% used [0x0000000773000000,0x0000000773000000,0x0000000773500000)
 ParOldGen       total 139776K, used 50026K [0x00000006c0000000, 0x00000006c8880000, 0x000000076ab00000)
  object space 139776K, 35% used [0x00000006c0000000,0x00000006c30daa58,0x00000006c8880000)
 Metaspace       used 5806K, capacity 6960K, committed 7040K, reserved 1056768K
  class space    used 561K, capacity 616K, committed 640K, reserved 1048576K
}
Event: 5.127 GC heap before
{Heap before GC invocations=5 (full 1):
 PSYoungGen      total 70656K, used 65536K [0x000000076ab00000, 0x0000000773500000, 0x00000007c0000000)
  eden space 65536K, 100% used [0x000000076ab00000,0x000000076eb00000,0x000000076eb00000)
  from space 5120K, 0% used [0x000000076eb00000,0x000000076eb00000,0x000000076f000000)
  to   space 5120K, 0% used [0x0000000773000000,0x0000000773000000,0x0000000773500000)
 ParOldGen       total 139776K, used 50026K [0x00000006c0000000, 0x00000006c8880000, 0x000000076ab00000)
  object space 139776K, 35% used [0x00000006c0000000,0x00000006c30daa58,0x00000006c8880000)
 Metaspace       used 5923K, capacity 7024K, committed 7296K, reserved 1056768K
  class space    used 561K, capacity 616K, committed 640K, reserved 1048576K
Event: 5.248 GC heap after
Heap after GC invocations=5 (full 1):
 PSYoungGen      total 96768K, used 5091K [0x000000076ab00000, 0x0000000773500000, 0x00000007c0000000)
  eden space 91648K, 0% used [0x000000076ab00000,0x000000076ab00000,0x0000000770480000)
  from space 5120K, 99% used [0x0000000773000000,0x00000007734f8f80,0x0000000773500000)
  to   space 5120K, 0% used [0x0000000772b00000,0x0000000772b00000,0x0000000773000000)
 ParOldGen       total 139776K, used 62548K [0x00000006c0000000, 0x00000006c8880000, 0x000000076ab00000)
  object space 139776K, 44% used [0x00000006c0000000,0x00000006c3d153c0,0x00000006c8880000)
 Metaspace       used 5923K, capacity 7024K, committed 7296K, reserved 1056768K
  class space    used 561K, capacity 616K, committed 640K, reserved 1048576K
}
Event: 5.708 GC heap before
{Heap before GC invocations=6 (full 1):
 PSYoungGen      total 96768K, used 96739K [0x000000076ab00000, 0x0000000773500000, 0x00000007c0000000)
  eden space 91648K, 100% used [0x000000076ab00000,0x0000000770480000,0x0000000770480000)
  from space 5120K, 99% used [0x0000000773000000,0x00000007734f8f80,0x0000000773500000)
  to   space 5120K, 0% used [0x0000000772b00000,0x0000000772b00000,0x0000000773000000)
 ParOldGen       total 139776K, used 62548K [0x00000006c0000000, 0x00000006c8880000, 0x000000076ab00000)
  object space 139776K, 44% used [0x00000006c0000000,0x00000006c3d153c0,0x00000006c8880000)
 Metaspace       used 5932K, capacity 7024K, committed 7296K, reserved 1056768K
  class space    used 561K, capacity 616K, committed 640K, reserved 1048576K
Event: 5.787 GC heap after
Heap after GC invocations=6 (full 1):
 PSYoungGen      total 96768K, used 5106K [0x000000076ab00000, 0x0000000773500000, 0x00000007c0000000)
  eden space 91648K, 0% used [0x000000076ab00000,0x000000076ab00000,0x0000000770480000)
  from space 5120K, 99% used [0x0000000772b00000,0x0000000772ffc968,0x0000000773000000)
  to   space 5120K, 0% used [0x0000000773000000,0x0000000773000000,0x0000000773500000)
 ParOldGen       total 139776K, used 95703K [0x00000006c0000000, 0x00000006c8880000, 0x000000076ab00000)
  object space 139776K, 68% used [0x00000006c0000000,0x00000006c5d75d78,0x00000006c8880000)
 Metaspace       used 5932K, capacity 7024K, committed 7296K, reserved 1056768K
  class space    used 561K, capacity 616K, committed 640K, reserved 1048576K
}

