# JRE version: OpenJDK Runtime Environment (8.0_76-b03) (build 1.8.0_76-release-b03)
# Java VM: OpenJDK 64-Bit Server VM (25.76-b03 mixed mode windows-amd64 compressed oops)
Heap:
 PSYoungGen      total 940544K, used 213490K [0x000000076ab00000, 0x00000007b6180000, 0x00000007c0000000)
  eden space 681984K, 2% used [0x000000076ab00000,0x000000076bac85e0,0x0000000794500000)
  from space 258560K, 76% used [0x0000000794500000,0x00000007a05b4538,0x00000007a4180000)
  to   space 236544K, 0% used [0x00000007a4180000,0x00000007a4180000,0x00000007b2880000)
 ParOldGen       total 836608K, used 553445K [0x00000006c0000000, 0x00000006f3100000, 0x000000076ab00000)
  object space 836608K, 66% used [0x00000006c0000000,0x00000006e1c79740,0x00000006f3100000)
 Metaspace       used 6676K, capacity 7284K, committed 7552K, reserved 1056768K
  class space    used 604K, capacity 620K, committed 640K, reserved 1048576K
GC Heap History (10 events):
Event: 6.820 GC heap before
{Heap before GC invocations=17 (full 3):
 PSYoungGen      total 770560K, used 145989K [0x000000076ab00000, 0x00000007a8200000, 0x00000007c0000000)
  eden space 589824K, 0% used [0x000000076ab00000,0x000000076ab00000,0x000000078eb00000)
  from space 180736K, 80% used [0x000000079ae00000,0x00000007a3c91440,0x00000007a5e80000)
  to   space 199680K, 0% used [0x000000078eb00000,0x000000078eb00000,0x000000079ae00000)
 ParOldGen       total 349696K, used 337005K [0x00000006c0000000, 0x00000006d5580000, 0x000000076ab00000)
  object space 349696K, 96% used [0x00000006c0000000,0x00000006d491b570,0x00000006d5580000)
 Metaspace       used 6669K, capacity 7284K, committed 7552K, reserved 1056768K
  class space    used 603K, capacity 620K, committed 640K, reserved 1048576K
Event: 8.176 GC heap after
Heap after GC invocations=17 (full 3):
 PSYoungGen      total 770560K, used 120574K [0x000000076ab00000, 0x00000007a8200000, 0x00000007c0000000)
  eden space 589824K, 0% used [0x000000076ab00000,0x000000076ab00000,0x000000078eb00000)
  from space 180736K, 66% used [0x000000079ae00000,0x00000007a23bf928,0x00000007a5e80000)
  to   space 199680K, 0% used [0x000000078eb00000,0x000000078eb00000,0x000000079ae00000)
 ParOldGen       total 553472K, used 349635K [0x00000006c0000000, 0x00000006e1c80000, 0x000000076ab00000)
  object space 553472K, 63% used [0x00000006c0000000,0x00000006d5570c30,0x00000006e1c80000)
 Metaspace       used 6669K, capacity 7284K, committed 7552K, reserved 1056768K
  class space    used 603K, capacity 620K, committed 640K, reserved 1048576K
}
Event: 8.805 GC heap before
{Heap before GC invocations=18 (full 3):
 PSYoungGen      total 770560K, used 710398K [0x000000076ab00000, 0x00000007a8200000, 0x00000007c0000000)
  eden space 589824K, 100% used [0x000000076ab00000,0x000000078eb00000,0x000000078eb00000)
  from space 180736K, 66% used [0x000000079ae00000,0x00000007a23bf928,0x00000007a5e80000)
  to   space 199680K, 0% used [0x000000078eb00000,0x000000078eb00000,0x000000079ae00000)
 ParOldGen       total 553472K, used 349635K [0x00000006c0000000, 0x00000006e1c80000, 0x000000076ab00000)
  object space 553472K, 63% used [0x00000006c0000000,0x00000006d5570c30,0x00000006e1c80000)
 Metaspace       used 6669K, capacity 7284K, committed 7552K, reserved 1056768K
  class space    used 603K, capacity 620K, committed 640K, reserved 1048576K
Event: 8.952 GC heap after
Heap after GC invocations=18 (full 3):
 PSYoungGen      total 789504K, used 199667K [0x000000076ab00000, 0x00000007b2880000, 0x00000007c0000000)
  eden space 589824K, 0% used [0x000000076ab00000,0x000000076ab00000,0x000000078eb00000)
  from space 199680K, 99% used [0x000000078eb00000,0x000000079adfcce0,0x000000079ae00000)
  to   space 236544K, 0% used [0x00000007a4180000,0x00000007a4180000,0x00000007b2880000)
 ParOldGen       total 553472K, used 355532K [0x00000006c0000000, 0x00000006e1c80000, 0x000000076ab00000)
  object space 553472K, 64% used [0x00000006c0000000,0x00000006d5b333c0,0x00000006e1c80000)
 Metaspace       used 6669K, capacity 7284K, committed 7552K, reserved 1056768K
  class space    used 603K, capacity 620K, committed 640K, reserved 1048576K
}
Event: 9.680 GC heap before
{Heap before GC invocations=19 (full 3):
 PSYoungGen      total 789504K, used 789491K [0x000000076ab00000, 0x00000007b2880000, 0x00000007c0000000)
  eden space 589824K, 100% used [0x000000076ab00000,0x000000078eb00000,0x000000078eb00000)
  from space 199680K, 99% used [0x000000078eb00000,0x000000079adfcce0,0x000000079ae00000)
  to   space 236544K, 0% used [0x00000007a4180000,0x00000007a4180000,0x00000007b2880000)
 ParOldGen       total 553472K, used 355532K [0x00000006c0000000, 0x00000006e1c80000, 0x000000076ab00000)
  object space 553472K, 64% used [0x00000006c0000000,0x00000006d5b333c0,0x00000006e1c80000)
 Metaspace       used 6674K, capacity 7284K, committed 7552K, reserved 1056768K
  class space    used 604K, capacity 620K, committed 640K, reserved 1048576K
Event: 9.866 GC heap after
Heap after GC invocations=19 (full 3):
 PSYoungGen      total 918528K, used 186091K [0x000000076ab00000, 0x00000007b6180000, 0x00000007c0000000)
  eden space 681984K, 0% used [0x000000076ab00000,0x000000076ab00000,0x0000000794500000)
  from space 236544K, 78% used [0x00000007a4180000,0x00000007af73ac90,0x00000007b2880000)
  to   space 258560K, 0% used [0x0000000794500000,0x0000000794500000,0x00000007a4180000)
 ParOldGen       total 553472K, used 469644K [0x00000006c0000000, 0x00000006e1c80000, 0x000000076ab00000)
  object space 553472K, 84% used [0x00000006c0000000,0x00000006dcaa3280,0x00000006e1c80000)
 Metaspace       used 6674K, capacity 7284K, committed 7552K, reserved 1056768K
  class space    used 604K, capacity 620K, committed 640K, reserved 1048576K
}
Event: 9.866 GC heap before
{Heap before GC invocations=20 (full 4):
 PSYoungGen      total 918528K, used 186091K [0x000000076ab00000, 0x00000007b6180000, 0x00000007c0000000)
  eden space 681984K, 0% used [0x000000076ab00000,0x000000076ab00000,0x0000000794500000)
  from space 236544K, 78% used [0x00000007a4180000,0x00000007af73ac90,0x00000007b2880000)
  to   space 258560K, 0% used [0x0000000794500000,0x0000000794500000,0x00000007a4180000)
 ParOldGen       total 553472K, used 469644K [0x00000006c0000000, 0x00000006e1c80000, 0x000000076ab00000)
  object space 553472K, 84% used [0x00000006c0000000,0x00000006dcaa3280,0x00000006e1c80000)
 Metaspace       used 6674K, capacity 7284K, committed 7552K, reserved 1056768K
  class space    used 604K, capacity 620K, committed 640K, reserved 1048576K
Event: 11.449 GC heap after
Heap after GC invocations=20 (full 4):
 PSYoungGen      total 918528K, used 94303K [0x000000076ab00000, 0x00000007b6180000, 0x00000007c0000000)
  eden space 681984K, 0% used [0x000000076ab00000,0x000000076ab00000,0x0000000794500000)
  from space 236544K, 39% used [0x00000007a4180000,0x00000007a9d97c90,0x00000007b2880000)
  to   space 258560K, 0% used [0x0000000794500000,0x0000000794500000,0x00000007a4180000)
 ParOldGen       total 836608K, used 553445K [0x00000006c0000000, 0x00000006f3100000, 0x000000076ab00000)
  object space 836608K, 66% used [0x00000006c0000000,0x00000006e1c79740,0x00000006f3100000)
 Metaspace       used 6674K, capacity 7284K, committed 7552K, reserved 1056768K
  class space    used 604K, capacity 620K, committed 640K, reserved 1048576K
}
Event: 12.276 GC heap before
{Heap before GC invocations=21 (full 4):
 PSYoungGen      total 918528K, used 776287K [0x000000076ab00000, 0x00000007b6180000, 0x00000007c0000000)
  eden space 681984K, 100% used [0x000000076ab00000,0x0000000794500000,0x0000000794500000)
  from space 236544K, 39% used [0x00000007a4180000,0x00000007a9d97c90,0x00000007b2880000)
  to   space 258560K, 0% used [0x0000000794500000,0x0000000794500000,0x00000007a4180000)
 ParOldGen       total 836608K, used 553445K [0x00000006c0000000, 0x00000006f3100000, 0x000000076ab00000)
  object space 836608K, 66% used [0x00000006c0000000,0x00000006e1c79740,0x00000006f3100000)
 Metaspace       used 6676K, capacity 7284K, committed 7552K, reserved 1056768K
  class space    used 604K, capacity 620K, committed 640K, reserved 1048576K
Event: 12.454 GC heap after
Heap after GC invocations=21 (full 4):
 PSYoungGen      total 940544K, used 197329K [0x000000076ab00000, 0x00000007b6180000, 0x00000007c0000000)
  eden space 681984K, 0% used [0x000000076ab00000,0x000000076ab00000,0x0000000794500000)
  from space 258560K, 76% used [0x0000000794500000,0x00000007a05b4538,0x00000007a4180000)
  to   space 236544K, 0% used [0x00000007a4180000,0x00000007a4180000,0x00000007b2880000)
 ParOldGen       total 836608K, used 553445K [0x00000006c0000000, 0x00000006f3100000, 0x000000076ab00000)
  object space 836608K, 66% used [0x00000006c0000000,0x00000006e1c79740,0x00000006f3100000)
 Metaspace       used 6676K, capacity 7284K, committed 7552K, reserved 1056768K
  class space    used 604K, capacity 620K, committed 640K, reserved 1048576K
}

