# JRE version: OpenJDK Runtime Environment (8.0_112-b06) (build 1.8.0_112-release-b06)
# Java VM: OpenJDK 64-Bit Server VM (25.112-b06 mixed mode windows-amd64 compressed oops)
Heap:
 PSYoungGen      total 345088K, used 175954K [0x000000076ab00000, 0x0000000786380000, 0x00000007c0000000)
  eden space 246784K, 47% used [0x000000076ab00000,0x0000000771cb8278,0x0000000779c00000)
  from space 98304K, 60% used [0x000000077fd00000,0x000000078371c7c8,0x0000000785d00000)
  to   space 99328K, 0% used [0x0000000779c00000,0x0000000779c00000,0x000000077fd00000)
 ParOldGen       total 240128K, used 107909K [0x00000006c0000000, 0x00000006cea80000, 0x000000076ab00000)
  object space 240128K, 44% used [0x00000006c0000000,0x00000006c6961448,0x00000006cea80000)
 Metaspace       used 6103K, capacity 7088K, committed 7296K, reserved 1056768K
  class space    used 581K, capacity 616K, committed 640K, reserved 1048576K
GC Heap History (10 events):
Event: 4.261 GC heap before
{Heap before GC invocations=6 (full 1):
 PSYoungGen      total 136192K, used 131072K [0x000000076ab00000, 0x0000000773500000, 0x00000007c0000000)
  eden space 131072K, 100% used [0x000000076ab00000,0x0000000772b00000,0x0000000772b00000)
  from space 5120K, 0% used [0x0000000773000000,0x0000000773000000,0x0000000773500000)
  to   space 5120K, 0% used [0x0000000772b00000,0x0000000772b00000,0x0000000773000000)
 ParOldGen       total 151552K, used 54801K [0x00000006c0000000, 0x00000006c9400000, 0x000000076ab00000)
  object space 151552K, 36% used [0x00000006c0000000,0x00000006c35844d0,0x00000006c9400000)
 Metaspace       used 5905K, capacity 7024K, committed 7296K, reserved 1056768K
  class space    used 563K, capacity 616K, committed 640K, reserved 1048576K
Event: 4.467 GC heap after
Heap after GC invocations=6 (full 1):
 PSYoungGen      total 136192K, used 5106K [0x000000076ab00000, 0x000000077db00000, 0x00000007c0000000)
  eden space 131072K, 0% used [0x000000076ab00000,0x000000076ab00000,0x0000000772b00000)
  from space 5120K, 99% used [0x0000000772b00000,0x0000000772ffc818,0x0000000773000000)
  to   space 60928K, 0% used [0x0000000779f80000,0x0000000779f80000,0x000000077db00000)
 ParOldGen       total 151552K, used 95429K [0x00000006c0000000, 0x00000006c9400000, 0x000000076ab00000)
  object space 151552K, 62% used [0x00000006c0000000,0x00000006c5d314b0,0x00000006c9400000)
 Metaspace       used 5905K, capacity 7024K, committed 7296K, reserved 1056768K
  class space    used 563K, capacity 616K, committed 640K, reserved 1048576K
}
Event: 5.421 GC heap before
{Heap before GC invocations=7 (full 1):
 PSYoungGen      total 136192K, used 136178K [0x000000076ab00000, 0x000000077db00000, 0x00000007c0000000)
  eden space 131072K, 100% used [0x000000076ab00000,0x0000000772b00000,0x0000000772b00000)
  from space 5120K, 99% used [0x0000000772b00000,0x0000000772ffc818,0x0000000773000000)
  to   space 60928K, 0% used [0x0000000779f80000,0x0000000779f80000,0x000000077db00000)
 ParOldGen       total 151552K, used 95429K [0x00000006c0000000, 0x00000006c9400000, 0x000000076ab00000)
  object space 151552K, 62% used [0x00000006c0000000,0x00000006c5d314b0,0x00000006c9400000)
 Metaspace       used 5926K, capacity 7024K, committed 7296K, reserved 1056768K
  class space    used 563K, capacity 616K, committed 640K, reserved 1048576K
Event: 5.492 GC heap after
Heap after GC invocations=7 (full 1):
 PSYoungGen      total 237056K, used 60923K [0x000000076ab00000, 0x000000077f080000, 0x00000007c0000000)
  eden space 176128K, 0% used [0x000000076ab00000,0x000000076ab00000,0x0000000775700000)
  from space 60928K, 99% used [0x0000000779f80000,0x000000077dafed58,0x000000077db00000)
  to   space 74240K, 0% used [0x0000000775700000,0x0000000775700000,0x0000000779f80000)
 ParOldGen       total 151552K, used 95709K [0x00000006c0000000, 0x00000006c9400000, 0x000000076ab00000)
  object space 151552K, 63% used [0x00000006c0000000,0x00000006c5d774b0,0x00000006c9400000)
 Metaspace       used 5926K, capacity 7024K, committed 7296K, reserved 1056768K
  class space    used 563K, capacity 616K, committed 640K, reserved 1048576K
}
Event: 6.755 GC heap before
{Heap before GC invocations=8 (full 1):
 PSYoungGen      total 237056K, used 237051K [0x000000076ab00000, 0x000000077f080000, 0x00000007c0000000)
  eden space 176128K, 100% used [0x000000076ab00000,0x0000000775700000,0x0000000775700000)
  from space 60928K, 99% used [0x0000000779f80000,0x000000077dafed58,0x000000077db00000)
  to   space 74240K, 0% used [0x0000000775700000,0x0000000775700000,0x0000000779f80000)
 ParOldGen       total 151552K, used 95709K [0x00000006c0000000, 0x00000006c9400000, 0x000000076ab00000)
  object space 151552K, 63% used [0x00000006c0000000,0x00000006c5d774b0,0x00000006c9400000)
 Metaspace       used 6036K, capacity 7024K, committed 7296K, reserved 1056768K
  class space    used 581K, capacity 616K, committed 640K, reserved 1048576K
Event: 6.935 GC heap after
Heap after GC invocations=8 (full 1):
 PSYoungGen      total 250368K, used 74215K [0x000000076ab00000, 0x0000000785d00000, 0x00000007c0000000)
  eden space 176128K, 0% used [0x000000076ab00000,0x000000076ab00000,0x0000000775700000)
  from space 74240K, 99% used [0x0000000775700000,0x0000000779f79e30,0x0000000779f80000)
  to   space 98304K, 0% used [0x000000077fd00000,0x000000077fd00000,0x0000000785d00000)
 ParOldGen       total 151552K, used 113271K [0x00000006c0000000, 0x00000006c9400000, 0x000000076ab00000)
  object space 151552K, 74% used [0x00000006c0000000,0x00000006c6e9ddc0,0x00000006c9400000)
 Metaspace       used 6036K, capacity 7024K, committed 7296K, reserved 1056768K
  class space    used 581K, capacity 616K, committed 640K, reserved 1048576K
}
Event: 6.935 GC heap before
{Heap before GC invocations=9 (full 2):
 PSYoungGen      total 250368K, used 74215K [0x000000076ab00000, 0x0000000785d00000, 0x00000007c0000000)
  eden space 176128K, 0% used [0x000000076ab00000,0x000000076ab00000,0x0000000775700000)
  from space 74240K, 99% used [0x0000000775700000,0x0000000779f79e30,0x0000000779f80000)
  to   space 98304K, 0% used [0x000000077fd00000,0x000000077fd00000,0x0000000785d00000)
 ParOldGen       total 151552K, used 113271K [0x00000006c0000000, 0x00000006c9400000, 0x000000076ab00000)
  object space 151552K, 74% used [0x00000006c0000000,0x00000006c6e9ddc0,0x00000006c9400000)
 Metaspace       used 6036K, capacity 7024K, committed 7296K, reserved 1056768K
  class space    used 581K, capacity 616K, committed 640K, reserved 1048576K
Event: 7.799 GC heap after
Heap after GC invocations=9 (full 2):
 PSYoungGen      total 250368K, used 0K [0x000000076ab00000, 0x0000000785d00000, 0x00000007c0000000)
  eden space 176128K, 0% used [0x000000076ab00000,0x000000076ab00000,0x0000000775700000)
  from space 74240K, 0% used [0x0000000775700000,0x0000000775700000,0x0000000779f80000)
  to   space 98304K, 0% used [0x000000077fd00000,0x000000077fd00000,0x0000000785d00000)
 ParOldGen       total 240128K, used 107901K [0x00000006c0000000, 0x00000006cea80000, 0x000000076ab00000)
  object space 240128K, 44% used [0x00000006c0000000,0x00000006c695f448,0x00000006cea80000)
 Metaspace       used 6036K, capacity 7024K, committed 7296K, reserved 1056768K
  class space    used 581K, capacity 616K, committed 640K, reserved 1048576K
}
Event: 8.659 GC heap before
{Heap before GC invocations=10 (full 2):
 PSYoungGen      total 250368K, used 176128K [0x000000076ab00000, 0x0000000785d00000, 0x00000007c0000000)
  eden space 176128K, 100% used [0x000000076ab00000,0x0000000775700000,0x0000000775700000)
  from space 74240K, 0% used [0x0000000775700000,0x0000000775700000,0x0000000779f80000)
  to   space 98304K, 0% used [0x000000077fd00000,0x000000077fd00000,0x0000000785d00000)
 ParOldGen       total 240128K, used 107901K [0x00000006c0000000, 0x00000006cea80000, 0x000000076ab00000)
  object space 240128K, 44% used [0x00000006c0000000,0x00000006c695f448,0x00000006cea80000)
 Metaspace       used 6075K, capacity 7088K, committed 7296K, reserved 1056768K
  class space    used 581K, capacity 616K, committed 640K, reserved 1048576K
Event: 9.077 GC heap after
Heap after GC invocations=10 (full 2):
 PSYoungGen      total 345088K, used 59505K [0x000000076ab00000, 0x0000000786380000, 0x00000007c0000000)
  eden space 246784K, 0% used [0x000000076ab00000,0x000000076ab00000,0x0000000779c00000)
  from space 98304K, 60% used [0x000000077fd00000,0x000000078371c7c8,0x0000000785d00000)
  to   space 99328K, 0% used [0x0000000779c00000,0x0000000779c00000,0x000000077fd00000)
 ParOldGen       total 240128K, used 107909K [0x00000006c0000000, 0x00000006cea80000, 0x000000076ab00000)
  object space 240128K, 44% used [0x00000006c0000000,0x00000006c6961448,0x00000006cea80000)
 Metaspace       used 6075K, capacity 7088K, committed 7296K, reserved 1056768K
  class space    used 581K, capacity 616K, committed 640K, reserved 1048576K
}

