# JRE version: OpenJDK Runtime Environment (8.0_112-b06) (build 1.8.0_112-release-b06)
# Java VM: OpenJDK 64-Bit Server VM (25.112-b06 mixed mode windows-amd64 compressed oops)
Heap:
 PSYoungGen      total 595456K, used 355195K [0x000000076ab00000, 0x0000000797b00000, 0x00000007c0000000)
  eden space 475648K, 74% used [0x000000076ab00000,0x00000007805def00,0x0000000787b80000)
  from space 119808K, 0% used [0x0000000787b80000,0x0000000787b80000,0x000000078f080000)
  to   space 99328K, 0% used [0x000000078f080000,0x000000078f080000,0x0000000795180000)
 ParOldGen       total 336896K, used 336881K [0x00000006c0000000, 0x00000006d4900000, 0x000000076ab00000)
  object space 336896K, 99% used [0x00000006c0000000,0x00000006d48fc4d8,0x00000006d4900000)
 Metaspace       used 6492K, capacity 7280K, committed 7552K, reserved 1056768K
  class space    used 590K, capacity 616K, committed 640K, reserved 1048576K
GC Heap History (10 events):
Event: 8.046 GC heap before
{Heap before GC invocations=16 (full 2):
 PSYoungGen      total 530944K, used 490868K [0x000000076ab00000, 0x0000000795180000, 0x00000007c0000000)
  eden space 433664K, 100% used [0x000000076ab00000,0x0000000785280000,0x0000000785280000)
  from space 97280K, 58% used [0x0000000785280000,0x0000000788a5d060,0x000000078b180000)
  to   space 99328K, 0% used [0x000000078f080000,0x000000078f080000,0x0000000795180000)
 ParOldGen       total 302592K, used 227131K [0x00000006c0000000, 0x00000006d2780000, 0x000000076ab00000)
  object space 302592K, 75% used [0x00000006c0000000,0x00000006cddcefa0,0x00000006d2780000)
 Metaspace       used 6465K, capacity 7280K, committed 7552K, reserved 1056768K
  class space    used 589K, capacity 616K, committed 640K, reserved 1048576K
Event: 8.113 GC heap after
Heap after GC invocations=16 (full 2):
 PSYoungGen      total 574976K, used 99301K [0x000000076ab00000, 0x0000000797b00000, 0x00000007c0000000)
  eden space 475648K, 0% used [0x000000076ab00000,0x000000076ab00000,0x0000000787b80000)
  from space 99328K, 99% used [0x000000078f080000,0x00000007951796c0,0x0000000795180000)
  to   space 119808K, 0% used [0x0000000787b80000,0x0000000787b80000,0x000000078f080000)
 ParOldGen       total 302592K, used 236866K [0x00000006c0000000, 0x00000006d2780000, 0x000000076ab00000)
  object space 302592K, 78% used [0x00000006c0000000,0x00000006ce750be8,0x00000006d2780000)
 Metaspace       used 6465K, capacity 7280K, committed 7552K, reserved 1056768K
  class space    used 589K, capacity 616K, committed 640K, reserved 1048576K
}
Event: 8.760 GC heap before
{Heap before GC invocations=17 (full 2):
 PSYoungGen      total 574976K, used 574949K [0x000000076ab00000, 0x0000000797b00000, 0x00000007c0000000)
  eden space 475648K, 100% used [0x000000076ab00000,0x0000000787b80000,0x0000000787b80000)
  from space 99328K, 99% used [0x000000078f080000,0x00000007951796c0,0x0000000795180000)
  to   space 119808K, 0% used [0x0000000787b80000,0x0000000787b80000,0x000000078f080000)
 ParOldGen       total 302592K, used 236866K [0x00000006c0000000, 0x00000006d2780000, 0x000000076ab00000)
  object space 302592K, 78% used [0x00000006c0000000,0x00000006ce750be8,0x00000006d2780000)
 Metaspace       used 6485K, capacity 7280K, committed 7552K, reserved 1056768K
  class space    used 589K, capacity 616K, committed 640K, reserved 1048576K
Event: 9.499 GC heap after
Heap after GC invocations=17 (full 2):
 PSYoungGen      total 595456K, used 73134K [0x000000076ab00000, 0x0000000797b00000, 0x00000007c0000000)
  eden space 475648K, 0% used [0x000000076ab00000,0x000000076ab00000,0x0000000787b80000)
  from space 119808K, 61% used [0x0000000787b80000,0x000000078c2ebb58,0x000000078f080000)
  to   space 99328K, 0% used [0x000000078f080000,0x000000078f080000,0x0000000795180000)
 ParOldGen       total 336896K, used 336602K [0x00000006c0000000, 0x00000006d4900000, 0x000000076ab00000)
  object space 336896K, 99% used [0x00000006c0000000,0x00000006d48b6888,0x00000006d4900000)
 Metaspace       used 6485K, capacity 7280K, committed 7552K, reserved 1056768K
  class space    used 589K, capacity 616K, committed 640K, reserved 1048576K
}
Event: 9.499 GC heap before
{Heap before GC invocations=18 (full 3):
 PSYoungGen      total 595456K, used 73134K [0x000000076ab00000, 0x0000000797b00000, 0x00000007c0000000)
  eden space 475648K, 0% used [0x000000076ab00000,0x000000076ab00000,0x0000000787b80000)
  from space 119808K, 61% used [0x0000000787b80000,0x000000078c2ebb58,0x000000078f080000)
  to   space 99328K, 0% used [0x000000078f080000,0x000000078f080000,0x0000000795180000)
 ParOldGen       total 336896K, used 336602K [0x00000006c0000000, 0x00000006d4900000, 0x000000076ab00000)
  object space 336896K, 99% used [0x00000006c0000000,0x00000006d48b6888,0x00000006d4900000)
 Metaspace       used 6485K, capacity 7280K, committed 7552K, reserved 1056768K
  class space    used 589K, capacity 616K, committed 640K, reserved 1048576K
Event: 10.857 GC heap after
Heap after GC invocations=18 (full 3):
 PSYoungGen      total 595456K, used 65496K [0x000000076ab00000, 0x0000000797b00000, 0x00000007c0000000)
  eden space 475648K, 0% used [0x000000076ab00000,0x000000076ab00000,0x0000000787b80000)
  from space 119808K, 54% used [0x0000000787b80000,0x000000078bb762d0,0x000000078f080000)
  to   space 99328K, 0% used [0x000000078f080000,0x000000078f080000,0x0000000795180000)
 ParOldGen       total 336896K, used 336809K [0x00000006c0000000, 0x00000006d4900000, 0x000000076ab00000)
  object space 336896K, 99% used [0x00000006c0000000,0x00000006d48ea708,0x00000006d4900000)
 Metaspace       used 6485K, capacity 7280K, committed 7552K, reserved 1056768K
  class space    used 589K, capacity 616K, committed 640K, reserved 1048576K
}
Event: 11.591 GC heap before
{Heap before GC invocations=19 (full 4):
 PSYoungGen      total 595456K, used 541144K [0x000000076ab00000, 0x0000000797b00000, 0x00000007c0000000)
  eden space 475648K, 100% used [0x000000076ab00000,0x0000000787b80000,0x0000000787b80000)
  from space 119808K, 54% used [0x0000000787b80000,0x000000078bb762d0,0x000000078f080000)
  to   space 99328K, 0% used [0x000000078f080000,0x000000078f080000,0x0000000795180000)
 ParOldGen       total 336896K, used 336809K [0x00000006c0000000, 0x00000006d4900000, 0x000000076ab00000)
  object space 336896K, 99% used [0x00000006c0000000,0x00000006d48ea708,0x00000006d4900000)
 Metaspace       used 6492K, capacity 7280K, committed 7552K, reserved 1056768K
  class space    used 590K, capacity 616K, committed 640K, reserved 1048576K
Event: 13.531 GC heap after
Heap after GC invocations=19 (full 4):
 PSYoungGen      total 595456K, used 135991K [0x000000076ab00000, 0x0000000797b00000, 0x00000007c0000000)
  eden space 475648K, 28% used [0x000000076ab00000,0x0000000772fcdfc0,0x0000000787b80000)
  from space 119808K, 0% used [0x0000000787b80000,0x0000000787b80000,0x000000078f080000)
  to   space 99328K, 0% used [0x000000078f080000,0x000000078f080000,0x0000000795180000)
 ParOldGen       total 336896K, used 336890K [0x00000006c0000000, 0x00000006d4900000, 0x000000076ab00000)
  object space 336896K, 99% used [0x00000006c0000000,0x00000006d48febf8,0x00000006d4900000)
 Metaspace       used 6492K, capacity 7280K, committed 7552K, reserved 1056768K
  class space    used 590K, capacity 616K, committed 640K, reserved 1048576K
}
Event: 13.913 GC heap before
{Heap before GC invocations=20 (full 5):
 PSYoungGen      total 595456K, used 475648K [0x000000076ab00000, 0x0000000797b00000, 0x00000007c0000000)
  eden space 475648K, 100% used [0x000000076ab00000,0x0000000787b80000,0x0000000787b80000)
  from space 119808K, 0% used [0x0000000787b80000,0x0000000787b80000,0x000000078f080000)
  to   space 99328K, 0% used [0x000000078f080000,0x000000078f080000,0x0000000795180000)
 ParOldGen       total 336896K, used 336890K [0x00000006c0000000, 0x00000006d4900000, 0x000000076ab00000)
  object space 336896K, 99% used [0x00000006c0000000,0x00000006d48febf8,0x00000006d4900000)
 Metaspace       used 6492K, capacity 7280K, committed 7552K, reserved 1056768K
  class space    used 590K, capacity 616K, committed 640K, reserved 1048576K
Event: 15.018 GC heap after
Heap after GC invocations=20 (full 5):
 PSYoungGen      total 595456K, used 180012K [0x000000076ab00000, 0x0000000797b00000, 0x00000007c0000000)
  eden space 475648K, 37% used [0x000000076ab00000,0x0000000775acb048,0x0000000787b80000)
  from space 119808K, 0% used [0x0000000787b80000,0x0000000787b80000,0x000000078f080000)
  to   space 99328K, 0% used [0x000000078f080000,0x000000078f080000,0x0000000795180000)
 ParOldGen       total 336896K, used 336881K [0x00000006c0000000, 0x00000006d4900000, 0x000000076ab00000)
  object space 336896K, 99% used [0x00000006c0000000,0x00000006d48fc4d8,0x00000006d4900000)
 Metaspace       used 6492K, capacity 7280K, committed 7552K, reserved 1056768K
  class space    used 590K, capacity 616K, committed 640K, reserved 1048576K
}

